Loaded blockchain from blockchain.json
Genesis block mined: Block {
    index: 0,
    timestamp: 1753920151,
    fractal: FractalTriangle {
        depth: 0,
        vertices: [
            (
                0.0,
                0.0,
            ),
            (
                1.0,
                0.0,
            ),
            (
                0.5,
                0.866,
            ),
        ],
    },
    transactions: [
        Transaction {
            id: "f873a95322ef7efeaaab8394cce9d2a82ccd853f8abcb885f71abb5fb3fe882b",
            timestamp: 1753920151,
            inputs: [
                TxInput {
                    txid: "0000000000000000000000000000000000000000000000000000000000000000",
                    vout: 18446744073709551615,
                    script_sig: "genesis",
                    pub_key: "",
                    sequence: 0,
                },
            ],
            outputs: [
                TxOutput {
                    value: 50,
                    script_pub_key: "genesis_address",
                },
            ],
        },
    ],
    previous_hash: "0",
    hash: "00006702ff8ee4efc8c17d6ac87eb6790e39342cde472697c0f8f09934241fed",
    nonce: 22452,
}
Miner address: 12B4MYxRjwgypG19EvcCGDGfshvgts8SSYi7q77oJZUcJEEJM4L
[2m2025-07-31T00:10:23.163108Z[0m [32m INFO[0m [2msierpchain::p2p[0m[2m:[0m Peer ID: 12D3KooWHLj8uk1DyA6Lc6nrkdYUeojKGUM2WS12gxJKFqP6KYkL
[2m2025-07-31T00:10:23.164714Z[0m [32m INFO[0m [2mlibp2p_swarm[0m[2m:[0m Local peer id: 12D3KooWHLj8uk1DyA6Lc6nrkdYUeojKGUM2WS12gxJKFqP6KYkL
[2m2025-07-31T00:10:23.166976Z[0m [32m INFO[0m [2mlibp2p_mdns::behaviour::iface[0m[2m:[0m creating instance on iface 192.168.0.2
[2m2025-07-31T00:10:23.167444Z[0m [32m INFO[0m [2mlibp2p_mdns::behaviour::iface[0m[2m:[0m creating instance on iface 172.17.0.1
Starting web server at http://127.0.0.1:8080
