Loaded blockchain from blockchain.json
Genesis block mined: Block {
    index: 0,
    timestamp: 1754067757,
    fractal: Sierpinski(
        Sierpinski {
            depth: 0,
            seed: 2,
            vertices: [
                (
                    0.0,
                    0.0,
                ),
                (
                    1.0,
                    0.0,
                ),
                (
                    0.5,
                    0.866,
                ),
            ],
        },
    ),
    transactions: [
        Transaction {
            id: "b91b8492f0b0a9be65f55896ebf57f02848c651483d8a755375920e3eabcf6d1",
            timestamp: 1754067757,
            inputs: [
                TxInput {
                    txid: "0000000000000000000000000000000000000000000000000000000000000000",
                    vout: 18446744073709551615,
                    script_sig: "genesis",
                    pub_key: "",
                    sequence: 0,
                },
            ],
            outputs: [
                TxOutput {
                    value: 50,
                    script_pub_key: "genesis_address",
                },
            ],
        },
    ],
    previous_hash: "0",
    hash: "087c3a320c8b3f9251fe7c583ed431438baa3adfb566dad547790fe520eeddc0",
    nonce: 2,
}
Miner address: 1wMC4HfhXqKoSd3QrX5hA3XEfJQdJxqEfEjR9c8sCoRrTx56od
[2m2025-08-02T11:32:38.628264Z[0m [32m INFO[0m [2msierpchain::network::p2p[0m[2m:[0m Peer ID: 12D3KooWCuNTgsobZrYHxb4KdDRqSQz3byqtv557Q7U7YZbhi8vn
[2m2025-08-02T11:32:38.629143Z[0m [32m INFO[0m [2msierpchain::network::p2p[0m[2m:[0m Listening on /ip4/0.0.0.0/tcp/10000
Starting web server at http://127.0.0.1:8080
[2m2025-08-02T11:32:38.629883Z[0m [32m INFO[0m [2mactix_server::builder[0m[2m:[0m starting 4 workers
[2m2025-08-02T11:32:38.629903Z[0m [32m INFO[0m [2mactix_server::server[0m[2m:[0m Actix runtime found; starting in Actix runtime
[2m2025-08-02T11:32:38.629908Z[0m [32m INFO[0m [2mactix_server::server[0m[2m:[0m starting service: "actix-web-service-127.0.0.1:8080", workers: 4, listening on: 127.0.0.1:8080
[2m2025-08-02T11:32:38.647168Z[0m [32m INFO[0m [2mlibp2p_mdns::behaviour::iface[0m[2m:[0m creating instance on iface 192.168.0.2
[2m2025-08-02T11:32:38.647645Z[0m [32m INFO[0m [2mlibp2p_mdns::behaviour::iface[0m[2m:[0m creating instance on iface 172.17.0.1
[2m2025-08-02T11:32:38.648118Z[0m [32m INFO[0m [2msierpchain::network::p2p[0m[2m:[0m Listening on /ip4/127.0.0.1/tcp/10000
[2m2025-08-02T11:32:38.648156Z[0m [32m INFO[0m [2msierpchain::network::p2p[0m[2m:[0m Listening on /ip4/192.168.0.2/tcp/10000
[2m2025-08-02T11:32:38.648170Z[0m [32m INFO[0m [2msierpchain::network::p2p[0m[2m:[0m Listening on /ip4/172.17.0.1/tcp/10000
[2m2025-08-02T11:32:39.720707Z[0m [32m INFO[0m [2mlibp2p_mdns::behaviour[0m[2m:[0m discovered: 12D3KooWPzv8cnawbrtuDgMakGBYaQyS9HPFgZEXfNjE8ppF2WLB /ip4/192.168.0.2/tcp/10001
[2m2025-08-02T11:32:39.720781Z[0m [32m INFO[0m [2msierpchain::network::p2p[0m[2m:[0m mDNS discovered a new peer: 12D3KooWPzv8cnawbrtuDgMakGBYaQyS9HPFgZEXfNjE8ppF2WLB
[2m2025-08-02T11:32:39.722145Z[0m [31mERROR[0m [2msierpchain::network::p2p[0m[2m:[0m Failed to publish message: InsufficientPeers
[2m2025-08-02T11:32:39.722257Z[0m [32m INFO[0m [2mlibp2p_mdns::behaviour[0m[2m:[0m discovered: 12D3KooWPzv8cnawbrtuDgMakGBYaQyS9HPFgZEXfNjE8ppF2WLB /ip4/172.17.0.1/tcp/10001
[2m2025-08-02T11:32:39.722295Z[0m [32m INFO[0m [2msierpchain::network::p2p[0m[2m:[0m mDNS discovered a new peer: 12D3KooWPzv8cnawbrtuDgMakGBYaQyS9HPFgZEXfNjE8ppF2WLB
[2m2025-08-02T11:32:39.723770Z[0m [31mERROR[0m [2msierpchain::network::p2p[0m[2m:[0m Failed to publish message: InsufficientPeers
[2m2025-08-02T11:32:39.724902Z[0m [32m INFO[0m [2msierpchain::network::p2p[0m[2m:[0m Connected to 12D3KooWPzv8cnawbrtuDgMakGBYaQyS9HPFgZEXfNjE8ppF2WLB
[2m2025-08-02T11:32:39.725610Z[0m [31mERROR[0m [2msierpchain::network::p2p[0m[2m:[0m Failed to publish message: InsufficientPeers
[2m2025-08-02T11:32:39.729532Z[0m [32m INFO[0m [2msierpchain::network::p2p[0m[2m:[0m Connected to 12D3KooWPzv8cnawbrtuDgMakGBYaQyS9HPFgZEXfNjE8ppF2WLB
[2m2025-08-02T11:32:39.729565Z[0m [32m INFO[0m [2msierpchain::network::p2p[0m[2m:[0m Connected to 12D3KooWPzv8cnawbrtuDgMakGBYaQyS9HPFgZEXfNjE8ppF2WLB
[2m2025-08-02T11:32:39.732613Z[0m [32m INFO[0m [2msierpchain::network::p2p[0m[2m:[0m Connected to 12D3KooWPzv8cnawbrtuDgMakGBYaQyS9HPFgZEXfNjE8ppF2WLB
[2m2025-08-02T11:32:39.734535Z[0m [32m INFO[0m [2msierpchain::network::p2p[0m[2m:[0m Connected to 12D3KooWPzv8cnawbrtuDgMakGBYaQyS9HPFgZEXfNjE8ppF2WLB
[2m2025-08-02T11:32:39.744591Z[0m [32m INFO[0m [2mlibp2p_mdns::behaviour[0m[2m:[0m discovered: 12D3KooWEGjei6T4cebZpDKYrsMNNSdq1Hk7zQVsC1JG3NtTMoY8 /ip4/192.168.0.2/tcp/10002
[2m2025-08-02T11:32:39.744686Z[0m [32m INFO[0m [2mlibp2p_mdns::behaviour[0m[2m:[0m discovered: 12D3KooWEGjei6T4cebZpDKYrsMNNSdq1Hk7zQVsC1JG3NtTMoY8 /ip4/172.17.0.1/tcp/10002
[2m2025-08-02T11:32:39.745468Z[0m [32m INFO[0m [2msierpchain::network::p2p[0m[2m:[0m mDNS discovered a new peer: 12D3KooWEGjei6T4cebZpDKYrsMNNSdq1Hk7zQVsC1JG3NtTMoY8
[2m2025-08-02T11:32:39.745482Z[0m [32m INFO[0m [2msierpchain::network::p2p[0m[2m:[0m mDNS discovered a new peer: 12D3KooWEGjei6T4cebZpDKYrsMNNSdq1Hk7zQVsC1JG3NtTMoY8
[2m2025-08-02T11:32:39.753100Z[0m [32m INFO[0m [2msierpchain::network::p2p[0m[2m:[0m Connected to 12D3KooWEGjei6T4cebZpDKYrsMNNSdq1Hk7zQVsC1JG3NtTMoY8
[2m2025-08-02T11:32:39.759021Z[0m [32m INFO[0m [2mlibp2p_mdns::behaviour[0m[2m:[0m discovered: 12D3KooWCiTuNjCBjfpT8GFogGeeRcJr88x5SupgxSYfbpAMEswA /ip4/192.168.0.2/tcp/10003
[2m2025-08-02T11:32:39.759120Z[0m [32m INFO[0m [2mlibp2p_mdns::behaviour[0m[2m:[0m discovered: 12D3KooWCiTuNjCBjfpT8GFogGeeRcJr88x5SupgxSYfbpAMEswA /ip4/172.17.0.1/tcp/10003
[2m2025-08-02T11:32:39.759684Z[0m [32m INFO[0m [2msierpchain::network::p2p[0m[2m:[0m mDNS discovered a new peer: 12D3KooWCiTuNjCBjfpT8GFogGeeRcJr88x5SupgxSYfbpAMEswA
[2m2025-08-02T11:32:39.759704Z[0m [32m INFO[0m [2msierpchain::network::p2p[0m[2m:[0m mDNS discovered a new peer: 12D3KooWCiTuNjCBjfpT8GFogGeeRcJr88x5SupgxSYfbpAMEswA
[2m2025-08-02T11:32:39.759870Z[0m [32m INFO[0m [2msierpchain::network::p2p[0m[2m:[0m Connected to 12D3KooWEGjei6T4cebZpDKYrsMNNSdq1Hk7zQVsC1JG3NtTMoY8
[2m2025-08-02T11:32:39.759899Z[0m [32m INFO[0m [2msierpchain::network::p2p[0m[2m:[0m Connected to 12D3KooWEGjei6T4cebZpDKYrsMNNSdq1Hk7zQVsC1JG3NtTMoY8
[2m2025-08-02T11:32:39.773175Z[0m [32m INFO[0m [2msierpchain::network::p2p[0m[2m:[0m Connected to 12D3KooWEGjei6T4cebZpDKYrsMNNSdq1Hk7zQVsC1JG3NtTMoY8
[2m2025-08-02T11:32:39.773230Z[0m [32m INFO[0m [2msierpchain::network::p2p[0m[2m:[0m Connected to 12D3KooWCiTuNjCBjfpT8GFogGeeRcJr88x5SupgxSYfbpAMEswA
[2m2025-08-02T11:32:39.855816Z[0m [32m INFO[0m [2msierpchain::network::p2p[0m[2m:[0m Connected to 12D3KooWEGjei6T4cebZpDKYrsMNNSdq1Hk7zQVsC1JG3NtTMoY8
[2m2025-08-02T11:32:39.865165Z[0m [32m INFO[0m [2msierpchain::network::p2p[0m[2m:[0m Connected to 12D3KooWCiTuNjCBjfpT8GFogGeeRcJr88x5SupgxSYfbpAMEswA
[2m2025-08-02T11:32:39.865221Z[0m [32m INFO[0m [2msierpchain::network::p2p[0m[2m:[0m Connected to 12D3KooWCiTuNjCBjfpT8GFogGeeRcJr88x5SupgxSYfbpAMEswA
[2m2025-08-02T11:32:39.868416Z[0m [32m INFO[0m [2msierpchain::network::p2p[0m[2m:[0m Connected to 12D3KooWCiTuNjCBjfpT8GFogGeeRcJr88x5SupgxSYfbpAMEswA
[2m2025-08-02T11:32:39.868469Z[0m [32m INFO[0m [2msierpchain::network::p2p[0m[2m:[0m Connected to 12D3KooWCiTuNjCBjfpT8GFogGeeRcJr88x5SupgxSYfbpAMEswA
