Loaded blockchain from blockchain.json
Genesis block mined: Block {
    index: 0,
    timestamp: 1754067757,
    fractal: Sierpinski(
        Sierpinski {
            depth: 0,
            seed: 2,
            vertices: [
                (
                    0.0,
                    0.0,
                ),
                (
                    1.0,
                    0.0,
                ),
                (
                    0.5,
                    0.866,
                ),
            ],
        },
    ),
    transactions: [
        Transaction {
            id: "b91b8492f0b0a9be65f55896ebf57f02848c651483d8a755375920e3eabcf6d1",
            timestamp: 1754067757,
            inputs: [
                TxInput {
                    txid: "0000000000000000000000000000000000000000000000000000000000000000",
                    vout: 18446744073709551615,
                    script_sig: "genesis",
                    pub_key: "",
                    sequence: 0,
                },
            ],
            outputs: [
                TxOutput {
                    value: 50,
                    script_pub_key: "genesis_address",
                },
            ],
        },
    ],
    previous_hash: "0",
    hash: "087c3a320c8b3f9251fe7c583ed431438baa3adfb566dad547790fe520eeddc0",
    nonce: 2,
}
Miner address: 1BXikpKRtHWg9YjidoUgy2kWGSSrjqvGmjJqxmMnMM9bcQKcLZ
[2m2025-08-02T11:32:39.698336Z[0m [32m INFO[0m [2msierpchain::network::p2p[0m[2m:[0m Peer ID: 12D3KooWPzv8cnawbrtuDgMakGBYaQyS9HPFgZEXfNjE8ppF2WLB
[2m2025-08-02T11:32:39.699156Z[0m [32m INFO[0m [2msierpchain::network::p2p[0m[2m:[0m Listening on /ip4/0.0.0.0/tcp/10001
[2m2025-08-02T11:32:39.699175Z[0m [32m INFO[0m [2msierpchain::network::p2p[0m[2m:[0m Dialing peer at /ip4/127.0.0.1/tcp/10000/p2p/12D3KooWCuNTgsobZrYHxb4KdDRqSQz3byqtv557Q7U7YZbhi8vn
Starting web server at http://127.0.0.1:8081
[2m2025-08-02T11:32:39.699663Z[0m [32m INFO[0m [2mactix_server::builder[0m[2m:[0m starting 4 workers
[2m2025-08-02T11:32:39.699698Z[0m [32m INFO[0m [2mactix_server::server[0m[2m:[0m Actix runtime found; starting in Actix runtime
[2m2025-08-02T11:32:39.699705Z[0m [32m INFO[0m [2mactix_server::server[0m[2m:[0m starting service: "actix-web-service-127.0.0.1:8081", workers: 4, listening on: 127.0.0.1:8081
[2m2025-08-02T11:32:39.719020Z[0m [32m INFO[0m [2mlibp2p_mdns::behaviour::iface[0m[2m:[0m creating instance on iface 192.168.0.2
[2m2025-08-02T11:32:39.719194Z[0m [32m INFO[0m [2mlibp2p_mdns::behaviour::iface[0m[2m:[0m creating instance on iface 172.17.0.1
[2m2025-08-02T11:32:39.719477Z[0m [32m INFO[0m [2msierpchain::network::p2p[0m[2m:[0m Listening on /ip4/127.0.0.1/tcp/10001
[2m2025-08-02T11:32:39.719507Z[0m [32m INFO[0m [2msierpchain::network::p2p[0m[2m:[0m Listening on /ip4/192.168.0.2/tcp/10001
[2m2025-08-02T11:32:39.719519Z[0m [32m INFO[0m [2msierpchain::network::p2p[0m[2m:[0m Listening on /ip4/172.17.0.1/tcp/10001
[2m2025-08-02T11:32:39.720625Z[0m [32m INFO[0m [2mlibp2p_mdns::behaviour[0m[2m:[0m discovered: 12D3KooWCuNTgsobZrYHxb4KdDRqSQz3byqtv557Q7U7YZbhi8vn /ip4/172.17.0.1/tcp/10000
[2m2025-08-02T11:32:39.720667Z[0m [32m INFO[0m [2mlibp2p_mdns::behaviour[0m[2m:[0m discovered: 12D3KooWCuNTgsobZrYHxb4KdDRqSQz3byqtv557Q7U7YZbhi8vn /ip4/192.168.0.2/tcp/10000
[2m2025-08-02T11:32:39.721103Z[0m [32m INFO[0m [2msierpchain::network::p2p[0m[2m:[0m mDNS discovered a new peer: 12D3KooWCuNTgsobZrYHxb4KdDRqSQz3byqtv557Q7U7YZbhi8vn
[2m2025-08-02T11:32:39.721119Z[0m [32m INFO[0m [2msierpchain::network::p2p[0m[2m:[0m mDNS discovered a new peer: 12D3KooWCuNTgsobZrYHxb4KdDRqSQz3byqtv557Q7U7YZbhi8vn
[2m2025-08-02T11:32:39.721716Z[0m [32m INFO[0m [2msierpchain::network::p2p[0m[2m:[0m Connected to 12D3KooWCuNTgsobZrYHxb4KdDRqSQz3byqtv557Q7U7YZbhi8vn
[2m2025-08-02T11:32:39.725546Z[0m [31mERROR[0m [2msierpchain::network::p2p[0m[2m:[0m Failed to publish message: InsufficientPeers
[2m2025-08-02T11:32:39.726103Z[0m [31mERROR[0m [2msierpchain::network::p2p[0m[2m:[0m Failed to publish message: InsufficientPeers
[2m2025-08-02T11:32:39.729392Z[0m [32m INFO[0m [2msierpchain::network::p2p[0m[2m:[0m Connected to 12D3KooWCuNTgsobZrYHxb4KdDRqSQz3byqtv557Q7U7YZbhi8vn
[2m2025-08-02T11:32:39.730899Z[0m [31mERROR[0m [2msierpchain::network::p2p[0m[2m:[0m Failed to publish message: InsufficientPeers
[2m2025-08-02T11:32:39.732317Z[0m [32m INFO[0m [2msierpchain::network::p2p[0m[2m:[0m Connected to 12D3KooWCuNTgsobZrYHxb4KdDRqSQz3byqtv557Q7U7YZbhi8vn
[2m2025-08-02T11:32:39.732405Z[0m [32m INFO[0m [2msierpchain::network::p2p[0m[2m:[0m Connected to 12D3KooWCuNTgsobZrYHxb4KdDRqSQz3byqtv557Q7U7YZbhi8vn
[2m2025-08-02T11:32:39.732503Z[0m [32m INFO[0m [2msierpchain::network::p2p[0m[2m:[0m Connected to 12D3KooWCuNTgsobZrYHxb4KdDRqSQz3byqtv557Q7U7YZbhi8vn
[2m2025-08-02T11:32:39.742226Z[0m [32m INFO[0m [2mlibp2p_mdns::behaviour[0m[2m:[0m discovered: 12D3KooWEGjei6T4cebZpDKYrsMNNSdq1Hk7zQVsC1JG3NtTMoY8 /ip4/192.168.0.2/tcp/10002
[2m2025-08-02T11:32:39.742504Z[0m [32m INFO[0m [2mlibp2p_mdns::behaviour[0m[2m:[0m discovered: 12D3KooWEGjei6T4cebZpDKYrsMNNSdq1Hk7zQVsC1JG3NtTMoY8 /ip4/172.17.0.1/tcp/10002
[2m2025-08-02T11:32:39.742530Z[0m [32m INFO[0m [2msierpchain::network::p2p[0m[2m:[0m mDNS discovered a new peer: 12D3KooWEGjei6T4cebZpDKYrsMNNSdq1Hk7zQVsC1JG3NtTMoY8
[2m2025-08-02T11:32:39.742538Z[0m [32m INFO[0m [2msierpchain::network::p2p[0m[2m:[0m mDNS discovered a new peer: 12D3KooWEGjei6T4cebZpDKYrsMNNSdq1Hk7zQVsC1JG3NtTMoY8
[2m2025-08-02T11:32:39.750816Z[0m [32m INFO[0m [2msierpchain::network::p2p[0m[2m:[0m Connected to 12D3KooWEGjei6T4cebZpDKYrsMNNSdq1Hk7zQVsC1JG3NtTMoY8
[2m2025-08-02T11:32:39.752662Z[0m [32m INFO[0m [2msierpchain::network::p2p[0m[2m:[0m Connected to 12D3KooWEGjei6T4cebZpDKYrsMNNSdq1Hk7zQVsC1JG3NtTMoY8
[2m2025-08-02T11:32:39.755336Z[0m [32m INFO[0m [2mlibp2p_mdns::behaviour[0m[2m:[0m discovered: 12D3KooWCiTuNjCBjfpT8GFogGeeRcJr88x5SupgxSYfbpAMEswA /ip4/192.168.0.2/tcp/10003
[2m2025-08-02T11:32:39.755442Z[0m [32m INFO[0m [2msierpchain::network::p2p[0m[2m:[0m mDNS discovered a new peer: 12D3KooWCiTuNjCBjfpT8GFogGeeRcJr88x5SupgxSYfbpAMEswA
[2m2025-08-02T11:32:39.757105Z[0m [32m INFO[0m [2mlibp2p_mdns::behaviour[0m[2m:[0m discovered: 12D3KooWCiTuNjCBjfpT8GFogGeeRcJr88x5SupgxSYfbpAMEswA /ip4/172.17.0.1/tcp/10003
[2m2025-08-02T11:32:39.757185Z[0m [32m INFO[0m [2msierpchain::network::p2p[0m[2m:[0m mDNS discovered a new peer: 12D3KooWCiTuNjCBjfpT8GFogGeeRcJr88x5SupgxSYfbpAMEswA
[2m2025-08-02T11:32:39.759841Z[0m [32m INFO[0m [2msierpchain::network::p2p[0m[2m:[0m Connected to 12D3KooWEGjei6T4cebZpDKYrsMNNSdq1Hk7zQVsC1JG3NtTMoY8
[2m2025-08-02T11:32:39.759884Z[0m [32m INFO[0m [2msierpchain::network::p2p[0m[2m:[0m Connected to 12D3KooWEGjei6T4cebZpDKYrsMNNSdq1Hk7zQVsC1JG3NtTMoY8
[2m2025-08-02T11:32:39.853099Z[0m [32m INFO[0m [2msierpchain::network::p2p[0m[2m:[0m Connected to 12D3KooWCiTuNjCBjfpT8GFogGeeRcJr88x5SupgxSYfbpAMEswA
[2m2025-08-02T11:32:39.853157Z[0m [32m INFO[0m [2msierpchain::network::p2p[0m[2m:[0m Connected to 12D3KooWCiTuNjCBjfpT8GFogGeeRcJr88x5SupgxSYfbpAMEswA
[2m2025-08-02T11:32:39.860879Z[0m [32m INFO[0m [2msierpchain::network::p2p[0m[2m:[0m Connected to 12D3KooWCiTuNjCBjfpT8GFogGeeRcJr88x5SupgxSYfbpAMEswA
[2m2025-08-02T11:32:39.860920Z[0m [32m INFO[0m [2msierpchain::network::p2p[0m[2m:[0m Connected to 12D3KooWCiTuNjCBjfpT8GFogGeeRcJr88x5SupgxSYfbpAMEswA
